2015/08/05 16:04:17 INFO  - jmeter.util.JMeterUtils: Setting Locale to en_US 
2015/08/05 16:04:17 INFO  - jmeter.JMeter: Loading user properties from: /Users/brendanmacdonald/Applications/JMeter/bin/user.properties 
2015/08/05 16:04:17 INFO  - jmeter.JMeter: Loading system properties from: /Users/brendanmacdonald/Applications/JMeter/bin/system.properties 
2015/08/05 16:04:18 INFO  - jmeter.JMeter: Copyright (c) 1998-2015 The Apache Software Foundation 
2015/08/05 16:04:18 INFO  - jmeter.JMeter: Version 2.13 r1665067 
2015/08/05 16:04:18 INFO  - jmeter.JMeter: java.version=1.7.0_79 
2015/08/05 16:04:18 INFO  - jmeter.JMeter: java.vm.name=Java HotSpot(TM) 64-Bit Server VM 
2015/08/05 16:04:18 INFO  - jmeter.JMeter: os.name=Mac OS X 
2015/08/05 16:04:18 INFO  - jmeter.JMeter: os.arch=x86_64 
2015/08/05 16:04:18 INFO  - jmeter.JMeter: os.version=10.10.4 
2015/08/05 16:04:18 INFO  - jmeter.JMeter: file.encoding=UTF-8 
2015/08/05 16:04:18 INFO  - jmeter.JMeter: Default Locale=English (United States) 
2015/08/05 16:04:18 INFO  - jmeter.JMeter: JMeter  Locale=English (United States) 
2015/08/05 16:04:18 INFO  - jmeter.JMeter: JMeterHome=/Users/brendanmacdonald/Applications/JMeter 
2015/08/05 16:04:18 INFO  - jmeter.JMeter: user.dir  =/Users/brendanmacdonald/Applications/cw_test/JMeter 
2015/08/05 16:04:18 INFO  - jmeter.JMeter: PWD       =/Users/brendanmacdonald/Applications/cw_test/JMeter 
2015/08/05 16:04:18 INFO  - jmeter.JMeter: IP: 192.168.0.11 Name: Brendans-Mac.local FullName: 192.168.0.11 
2015/08/05 16:04:18 INFO  - jmeter.services.FileServer: Default base='/Users/brendanmacdonald/Applications/cw_test/JMeter' 
2015/08/05 16:04:18 INFO  - jmeter.services.FileServer: Set new base='/Users/brendanmacdonald/Applications/cw_test/JMeter' 
2015/08/05 16:04:18 INFO  - jmeter.save.SaveService: Testplan (JMX) version: 2.2. Testlog (JTL) version: 2.2 
2015/08/05 16:04:18 INFO  - jmeter.save.SaveService: Using SaveService properties file encoding UTF-8 
2015/08/05 16:04:18 INFO  - jmeter.save.SaveService: Using SaveService properties file version 1656252 
2015/08/05 16:04:18 INFO  - jmeter.save.SaveService: Using SaveService properties version 2.8 
2015/08/05 16:04:18 INFO  - jmeter.save.SaveService: All converter versions present and correct 
2015/08/05 16:04:18 INFO  - jmeter.save.SaveService: Loading file: JMeter_Tests.jmx 
2015/08/05 16:04:18 INFO  - jmeter.protocol.http.control.CookieManager: Settings: Delete null: true Check: true Allow variable: true Save: false Prefix: COOKIE_ 
2015/08/05 16:04:18 INFO  - jmeter.protocol.http.control.CacheManager: Will only cache the following methods: [GET] 
2015/08/05 16:04:18 INFO  - jmeter.protocol.http.sampler.HTTPSamplerBase: Cannot find .className property for htmlParser, using default 
2015/08/05 16:04:18 INFO  - jmeter.protocol.http.sampler.HTTPSamplerBase: Parser for text/html is  
2015/08/05 16:04:18 INFO  - jmeter.protocol.http.sampler.HTTPSamplerBase: Parser for application/xhtml+xml is  
2015/08/05 16:04:18 INFO  - jmeter.protocol.http.sampler.HTTPSamplerBase: Parser for application/xml is  
2015/08/05 16:04:18 INFO  - jmeter.protocol.http.sampler.HTTPSamplerBase: Parser for text/xml is  
2015/08/05 16:04:18 INFO  - jmeter.protocol.http.sampler.HTTPSamplerBase: Parser for text/vnd.wap.wml is org.apache.jmeter.protocol.http.parser.RegexpHTMLParser 
2015/08/05 16:04:18 INFO  - jmeter.JMeter: Creating summariser <summary> 
2015/08/05 16:04:18 INFO  - jmeter.engine.StandardJMeterEngine: Listeners will be started after enabling running version 
2015/08/05 16:04:18 INFO  - jmeter.engine.StandardJMeterEngine: To revert to the earlier behaviour, define jmeterengine.startlistenerslater=false 
2015/08/05 16:04:18 INFO  - jmeter.engine.StandardJMeterEngine: Running the test! 
2015/08/05 16:04:18 INFO  - jmeter.samplers.SampleEvent: List of sample_variables: [] 
2015/08/05 16:04:18 INFO  - jmeter.samplers.SampleEvent: List of sample_variables: [] 
2015/08/05 16:04:18 INFO  - jmeter.engine.util.CompoundVariable: Note: Function class names must contain the string: '.functions.' 
2015/08/05 16:04:18 INFO  - jmeter.engine.util.CompoundVariable: Note: Function class names must not contain the string: '.gui.' 
2015/08/05 16:04:19 INFO  - jmeter.reporters.ResultCollector: Folder /Users/brendanmacdonald/Applications/cw_test/JMeter/../Results/JMeter was created 
2015/08/05 16:04:19 INFO  - jmeter.reporters.ResultCollector: Folder /Users/brendanmacdonald/Applications/cw_test/JMeter/../Results/JMeter/05-8-2015 16-04-18 was created 
2015/08/05 16:04:19 INFO  - jmeter.JMeter: Running test (1438787059056) 
2015/08/05 16:04:19 INFO  - jmeter.engine.StandardJMeterEngine: Starting ThreadGroup: 1 : Basic GET request test 
2015/08/05 16:04:19 INFO  - jmeter.engine.StandardJMeterEngine: Starting 1 threads for group Basic GET request test. 
2015/08/05 16:04:19 INFO  - jmeter.engine.StandardJMeterEngine: Thread will continue on error 
2015/08/05 16:04:19 INFO  - jmeter.threads.ThreadGroup: Starting thread group number 1 threads 1 ramp-up 1 perThread 1000.0 delayedStart=false 
2015/08/05 16:04:19 INFO  - jmeter.threads.JMeterThread: jmeterthread.startearlier=true (see jmeter.properties) 
2015/08/05 16:04:19 INFO  - jmeter.threads.JMeterThread: Running PostProcessors in forward order 
2015/08/05 16:04:19 INFO  - jmeter.threads.ThreadGroup: Started thread group number 1 
2015/08/05 16:04:19 INFO  - jmeter.engine.StandardJMeterEngine: Starting ThreadGroup: 2 : Basic POST request test 
2015/08/05 16:04:19 INFO  - jmeter.engine.StandardJMeterEngine: Starting 1 threads for group Basic POST request test. 
2015/08/05 16:04:19 INFO  - jmeter.engine.StandardJMeterEngine: Thread will continue on error 
2015/08/05 16:04:19 INFO  - jmeter.threads.ThreadGroup: Starting thread group number 2 threads 1 ramp-up 1 perThread 1000.0 delayedStart=false 
2015/08/05 16:04:19 INFO  - jmeter.threads.ThreadGroup: Started thread group number 2 
2015/08/05 16:04:19 INFO  - jmeter.engine.StandardJMeterEngine: Starting ThreadGroup: 3 : Basic scenario test 
2015/08/05 16:04:19 INFO  - jmeter.engine.StandardJMeterEngine: Starting 1 threads for group Basic scenario test. 
2015/08/05 16:04:19 INFO  - jmeter.engine.StandardJMeterEngine: Thread will continue on error 
2015/08/05 16:04:19 INFO  - jmeter.threads.ThreadGroup: Starting thread group number 3 threads 1 ramp-up 1 perThread 1000.0 delayedStart=false 
2015/08/05 16:04:19 INFO  - jmeter.threads.JMeterThread: Thread started: Basic GET request test 1-1 
2015/08/05 16:04:19 INFO  - jmeter.threads.JMeterThread: Thread started: Basic POST request test 2-1 
2015/08/05 16:04:19 INFO  - jmeter.threads.ThreadGroup: Started thread group number 3 
2015/08/05 16:04:19 INFO  - jmeter.engine.StandardJMeterEngine: Starting ThreadGroup: 4 : CSV data driven test 
2015/08/05 16:04:19 INFO  - jmeter.engine.StandardJMeterEngine: Starting 1 threads for group CSV data driven test. 
2015/08/05 16:04:19 INFO  - jmeter.engine.StandardJMeterEngine: Thread will continue on error 
2015/08/05 16:04:19 INFO  - jmeter.threads.ThreadGroup: Starting thread group number 4 threads 1 ramp-up 1 perThread 1000.0 delayedStart=false 
2015/08/05 16:04:19 INFO  - jmeter.threads.JMeterThread: Thread started: Basic scenario test 3-1 
2015/08/05 16:04:19 INFO  - jmeter.threads.ThreadGroup: Started thread group number 4 
2015/08/05 16:04:19 INFO  - jmeter.engine.StandardJMeterEngine: All thread groups have been started 
2015/08/05 16:04:19 INFO  - jmeter.protocol.http.sampler.HTTPHCAbstractImpl: Local host = Brendans-Mac.local 
2015/08/05 16:04:19 INFO  - jmeter.protocol.http.sampler.HTTPHC4Impl: HTTP request retry count = 0 
2015/08/05 16:04:19 INFO  - jmeter.protocol.http.sampler.HTTPHC4Impl: Setting up HTTPS TrustAll scheme 
2015/08/05 16:04:19 INFO  - jmeter.util.JsseSSLManager: Using default SSL protocol: TLS 
2015/08/05 16:04:19 INFO  - jmeter.util.JsseSSLManager: SSL session context: per-thread 
2015/08/05 16:04:19 INFO  - jmeter.threads.JMeterThread: Thread started: CSV data driven test 4-1 
2015/08/05 16:04:19 WARN  - jmeter.config.CSVDataSet: Empty delimiter converted to ',' 
2015/08/05 16:04:19 INFO  - jmeter.services.FileServer: Stored: csv_test_data.csv 
2015/08/05 16:04:19 INFO  - jmeter.samplers.SampleResult: Note: Sample TimeStamps are START times 
2015/08/05 16:04:19 INFO  - jmeter.samplers.SampleResult: sampleresult.default.encoding is set to ISO-8859-1 
2015/08/05 16:04:19 INFO  - jmeter.samplers.SampleResult: sampleresult.useNanoTime=true 
2015/08/05 16:04:19 INFO  - jmeter.samplers.SampleResult: sampleresult.nanoThreadSleep=5000 
2015/08/05 16:04:24 INFO  - jmeter.threads.JMeterThread: Thread is done: Basic GET request test 1-1 
2015/08/05 16:04:24 INFO  - jmeter.threads.JMeterThread: Thread finished: Basic GET request test 1-1 
2015/08/05 16:04:30 INFO  - jmeter.reporters.Summariser: summary +      3 in    12s =    0.3/s Avg:  5344 Min:  5182 Max:  5670 Err:     0 (0.00%) Active: 3 Started: 4 Finished: 1 
2015/08/05 16:04:30 INFO  - jmeter.threads.JMeterThread: Thread is done: Basic POST request test 2-1 
2015/08/05 16:04:30 INFO  - jmeter.threads.JMeterThread: Thread finished: Basic POST request test 2-1 
2015/08/05 16:04:36 INFO  - jmeter.threads.JMeterThread: Thread is done: Basic scenario test 3-1 
2015/08/05 16:04:36 INFO  - jmeter.threads.JMeterThread: Thread finished: Basic scenario test 3-1 
2015/08/05 16:04:57 INFO  - jmeter.threads.JMeterThread: Thread is done: CSV data driven test 4-1 
2015/08/05 16:04:57 INFO  - jmeter.threads.JMeterThread: Thread finished: CSV data driven test 4-1 
2015/08/05 16:04:57 INFO  - jmeter.engine.StandardJMeterEngine: Notifying test listeners of end of test 
2015/08/05 16:04:57 INFO  - jmeter.services.FileServer: Close: csv_test_data.csv 
2015/08/05 16:04:57 INFO  - jmeter.reporters.Summariser: summary +      4 in  27.1s =    0.1/s Avg: 13674 Min:  2284 Max: 37944 Err:     0 (0.00%) Active: 0 Started: 4 Finished: 4 
2015/08/05 16:04:57 INFO  - jmeter.reporters.Summariser: summary =      7 in    39s =    0.2/s Avg: 10104 Min:  2284 Max: 37944 Err:     0 (0.00%) 
